2026-03-15T16:00:04+00:00
0, 107941, 143771, 0, 29
1, 107925, 143771, 0, 29
2, 107925, 143771, 0, 33
3, 107925, 143771, 0, 32
4, 107925, 143771, 0, 33
5, 107925, 143771, 0, 30
6, 107925, 143771, 0, 31
7, 107925, 143771, 0, 34

2026-03-15T16:00:10+00:00
0, 107941, 143771, 0, 29
1, 107925, 143771, 0, 29
2, 107925, 143771, 0, 33
3, 107925, 143771, 0, 33
4, 107925, 143771, 0, 33
5, 107925, 143771, 0, 30
6, 107925, 143771, 0, 31
7, 107925, 143771, 0, 34

2026-03-15T16:00:15+00:00
0, 107941, 143771, 0, 29
1, 107925, 143771, 0, 29
2, 107925, 143771, 0, 33
3, 107925, 143771, 0, 33
4, 107925, 143771, 0, 33
5, 107925, 143771, 0, 30
6, 107925, 143771, 0, 31
7, 107925, 143771, 0, 34

2026-03-15T16:00:20+00:00
0, 107941, 143771, 0, 29
1, 107925, 143771, 0, 29
2, 107925, 143771, 0, 33
3, 107925, 143771, 0, 33
4, 107925, 143771, 0, 33
5, 107925, 143771, 0, 30
6, 107925, 143771, 0, 31
7, 107925, 143771, 0, 34

2026-03-15T16:00:25+00:00
0, 107941, 143771, 0, 29
1, 107925, 143771, 0, 29
2, 107925, 143771, 0, 33
3, 107925, 143771, 0, 33
4, 107925, 143771, 0, 33
5, 107925, 143771, 0, 30
6, 107925, 143771, 0, 31
7, 107925, 143771, 0, 35

2026-03-15T16:00:30+00:00
0, 107941, 143771, 0, 29
1, 107925, 143771, 0, 30
2, 107925, 143771, 0, 33
3, 107925, 143771, 0, 33
4, 107925, 143771, 0, 33
5, 107925, 143771, 0, 30
6, 107925, 143771, 0, 31
7, 107925, 143771, 0, 35

2026-03-15T16:00:35+00:00
0, 107941, 143771, 0, 29
1, 107925, 143771, 0, 30
2, 107925, 143771, 0, 34
3, 107925, 143771, 0, 33
4, 107925, 143771, 0, 33
5, 107925, 143771, 0, 30
6, 107925, 143771, 0, 31
7, 107925, 143771, 0, 35

2026-03-15T16:00:41+00:00
0, 107941, 143771, 0, 29
1, 107925, 143771, 0, 30
2, 107925, 143771, 0, 34
3, 107925, 143771, 0, 33
4, 107925, 143771, 0, 33
5, 107925, 143771, 0, 30
6, 107925, 143771, 0, 32
7, 107925, 143771, 0, 35

2026-03-15T16:00:46+00:00
0, 107941, 143771, 0, 29
1, 107925, 143771, 0, 30
2, 107925, 143771, 0, 34
3, 107925, 143771, 0, 33
4, 107925, 143771, 0, 33
5, 107925, 143771, 0, 30
6, 107925, 143771, 0, 32
7, 107925, 143771, 0, 35

2026-03-15T16:00:51+00:00
0, 107941, 143771, 0, 29
1, 107925, 143771, 0, 30
2, 107925, 143771, 0, 34
3, 107925, 143771, 0, 34
4, 107925, 143771, 0, 33
5, 107925, 143771, 0, 30
6, 107925, 143771, 0, 32
7, 107925, 143771, 0, 35

2026-03-15T16:00:56+00:00
0, 107941, 143771, 0, 29
1, 107925, 143771, 0, 30
2, 107925, 143771, 0, 34
3, 107925, 143771, 0, 34
4, 107925, 143771, 0, 33
5, 107925, 143771, 0, 30
6, 107925, 143771, 0, 32
7, 107925, 143771, 0, 35

2026-03-15T16:01:01+00:00
0, 107941, 143771, 0, 29
1, 107925, 143771, 0, 30
2, 107925, 143771, 0, 34
3, 107925, 143771, 0, 34
4, 107925, 143771, 0, 33
5, 107925, 143771, 0, 30
6, 107925, 143771, 0, 32
7, 107925, 143771, 0, 35

2026-03-15T16:01:06+00:00
0, 107941, 143771, 0, 29
1, 107925, 143771, 0, 30
2, 107925, 143771, 0, 34
3, 107925, 143771, 0, 34
4, 107925, 143771, 0, 33
5, 107925, 143771, 0, 30
6, 107925, 143771, 0, 32
7, 107925, 143771, 0, 35

2026-03-15T16:01:12+00:00
0, 107941, 143771, 0, 29
1, 107925, 143771, 0, 30
2, 107925, 143771, 0, 34
3, 107925, 143771, 0, 34
4, 107925, 143771, 0, 33
5, 107925, 143771, 0, 30
6, 107925, 143771, 0, 32
7, 107925, 143771, 0, 35

2026-03-15T16:01:17+00:00
0, 107941, 143771, 0, 29
1, 107925, 143771, 0, 30
2, 107925, 143771, 0, 34
3, 107925, 143771, 0, 34
4, 107925, 143771, 0, 33
5, 107925, 143771, 0, 31
6, 107925, 143771, 0, 32
7, 107925, 143771, 0, 36

2026-03-15T16:01:22+00:00
0, 107941, 143771, 0, 29
1, 107925, 143771, 0, 30
2, 107925, 143771, 0, 34
3, 107925, 143771, 0, 34
4, 107925, 143771, 0, 34
5, 107925, 143771, 0, 31
6, 107925, 143771, 0, 32
7, 107925, 143771, 0, 36

2026-03-15T16:01:27+00:00
0, 107941, 143771, 0, 30
1, 107925, 143771, 0, 30
2, 107925, 143771, 0, 34
3, 107925, 143771, 0, 34
4, 107925, 143771, 0, 34
5, 107925, 143771, 0, 31
6, 107925, 143771, 0, 32
7, 107925, 143771, 0, 36

2026-03-15T16:01:32+00:00
0, 107941, 143771, 0, 30
1, 107925, 143771, 0, 30
2, 107925, 143771, 0, 34
3, 107925, 143771, 0, 34
4, 107925, 143771, 0, 34
5, 107925, 143771, 0, 31
6, 107925, 143771, 0, 32
7, 107925, 143771, 0, 36

2026-03-15T16:01:37+00:00
0, 107941, 143771, 0, 30
1, 107925, 143771, 0, 30
2, 107925, 143771, 0, 34
3, 107925, 143771, 0, 34
4, 107925, 143771, 0, 34
5, 107925, 143771, 0, 31
6, 107925, 143771, 0, 32
7, 107925, 143771, 0, 36

2026-03-15T16:01:43+00:00
0, 107941, 143771, 0, 30
1, 107925, 143771, 0, 30
2, 107925, 143771, 0, 35
3, 107925, 143771, 0, 34
4, 107925, 143771, 0, 34
5, 107925, 143771, 0, 31
6, 107925, 143771, 0, 32
7, 107925, 143771, 0, 36

2026-03-15T16:01:48+00:00
0, 108015, 143771, 19, 36
1, 107925, 143771, 0, 30
2, 107925, 143771, 0, 35
3, 107925, 143771, 0, 34
4, 107925, 143771, 0, 34
5, 107925, 143771, 0, 31
6, 107925, 143771, 0, 32
7, 107925, 143771, 0, 36

2026-03-15T16:01:53+00:00
0, 108027, 143771, 75, 40
1, 107925, 143771, 0, 30
2, 107925, 143771, 0, 35
3, 107925, 143771, 0, 34
4, 107925, 143771, 0, 34
5, 107925, 143771, 0, 31
6, 107925, 143771, 0, 32
7, 107925, 143771, 0, 36

2026-03-15T16:01:58+00:00
0, 108027, 143771, 0, 34
1, 107925, 143771, 0, 30
2, 107925, 143771, 0, 35
3, 107925, 143771, 0, 35
4, 107925, 143771, 0, 34
5, 107925, 143771, 0, 31
6, 107925, 143771, 0, 32
7, 107925, 143771, 0, 36

2026-03-15T16:02:04+00:00
0, 659, 143771, 0, 33
1, 547, 143771, 0, 30
2, 545, 143771, 100, 35
3, 545, 143771, 100, 35
4, 545, 143771, 100, 34
5, 547, 143771, 100, 31
6, 545, 143771, 67, 33
7, 545, 143771, 0, 36

2026-03-15T16:02:09+00:00
0, 0, 143771, 0, 31
1, 0, 143771, 0, 29
2, 0, 143771, 0, 33
3, 0, 143771, 0, 34
4, 0, 143771, 0, 33
5, 0, 143771, 0, 30
6, 0, 143771, 0, 31
7, 0, 143771, 0, 35

2026-03-15T16:02:14+00:00
0, 0, 143771, 0, 30
1, 0, 143771, 0, 29
2, 0, 143771, 0, 33
3, 0, 143771, 0, 34
4, 0, 143771, 0, 32
5, 0, 143771, 0, 29
6, 0, 143771, 0, 31
7, 0, 143771, 0, 34

2026-03-15T16:02:19+00:00
0, 0, 143771, 0, 30
1, 0, 143771, 0, 28
2, 0, 143771, 0, 33
3, 0, 143771, 0, 34
4, 0, 143771, 0, 32
5, 0, 143771, 0, 29
6, 0, 143771, 0, 31
7, 0, 143771, 0, 34

2026-03-15T16:02:24+00:00
0, 0, 143771, 0, 29
1, 0, 143771, 0, 28
2, 0, 143771, 0, 33
3, 0, 143771, 0, 34
4, 0, 143771, 0, 32
5, 0, 143771, 0, 29
6, 0, 143771, 0, 31
7, 0, 143771, 0, 34

2026-03-15T16:02:30+00:00
0, 0, 143771, 0, 29
1, 0, 143771, 0, 28
2, 0, 143771, 0, 33
3, 0, 143771, 0, 33
4, 0, 143771, 0, 32
5, 0, 143771, 0, 29
6, 0, 143771, 0, 31
7, 0, 143771, 0, 34

2026-03-15T16:02:35+00:00
0, 0, 143771, 0, 29
1, 0, 143771, 0, 28
2, 0, 143771, 0, 33
3, 0, 143771, 0, 33
4, 0, 143771, 0, 32
5, 0, 143771, 0, 29
6, 0, 143771, 0, 30
7, 0, 143771, 0, 34

2026-03-15T16:02:40+00:00
0, 0, 143771, 0, 29
1, 0, 143771, 0, 28
2, 0, 143771, 0, 33
3, 0, 143771, 0, 33
4, 0, 143771, 0, 32
5, 0, 143771, 0, 29
6, 0, 143771, 0, 30
7, 0, 143771, 0, 34

2026-03-15T16:02:46+00:00
0, 0, 143771, 0, 28
1, 0, 143771, 0, 28
2, 0, 143771, 0, 32
3, 0, 143771, 0, 33
4, 0, 143771, 0, 32
5, 0, 143771, 0, 29
6, 0, 143771, 0, 30
7, 0, 143771, 0, 34

2026-03-15T16:02:51+00:00
0, 0, 143771, 0, 28
1, 0, 143771, 0, 28
2, 0, 143771, 0, 32
3, 0, 143771, 0, 33
4, 0, 143771, 0, 32
5, 0, 143771, 0, 29
6, 0, 143771, 0, 30
7, 0, 143771, 0, 33

2026-03-15T16:02:56+00:00
0, 0, 143771, 0, 28
1, 0, 143771, 0, 28
2, 0, 143771, 0, 32
3, 0, 143771, 0, 33
4, 0, 143771, 0, 32
5, 0, 143771, 0, 29
6, 0, 143771, 0, 30
7, 0, 143771, 0, 33

2026-03-15T16:03:01+00:00
0, 0, 143771, 0, 28
1, 0, 143771, 0, 28
2, 0, 143771, 0, 32
3, 0, 143771, 0, 32
4, 0, 143771, 0, 32
5, 0, 143771, 0, 29
6, 0, 143771, 0, 30
7, 0, 143771, 0, 33

2026-03-15T16:03:06+00:00
0, 0, 143771, 0, 28
1, 0, 143771, 0, 28
2, 0, 143771, 0, 32
3, 0, 143771, 0, 32
4, 0, 143771, 0, 31
5, 0, 143771, 0, 28
6, 0, 143771, 0, 30
7, 0, 143771, 0, 33

2026-03-15T16:03:12+00:00
0, 0, 143771, 0, 28
1, 0, 143771, 0, 28
2, 0, 143771, 0, 32
3, 0, 143771, 0, 32
4, 0, 143771, 0, 31
5, 0, 143771, 0, 28
6, 0, 143771, 0, 30
7, 0, 143771, 0, 33

2026-03-15T16:03:17+00:00
0, 0, 143771, 0, 28
1, 0, 143771, 0, 28
2, 0, 143771, 0, 32
3, 0, 143771, 0, 32
4, 0, 143771, 0, 31
5, 0, 143771, 0, 28
6, 0, 143771, 0, 30
7, 0, 143771, 0, 33

2026-03-15T16:03:22+00:00
0, 0, 143771, 0, 28
1, 0, 143771, 0, 28
2, 0, 143771, 0, 32
3, 0, 143771, 0, 32
4, 0, 143771, 0, 31
5, 0, 143771, 0, 28
6, 0, 143771, 0, 30
7, 0, 143771, 0, 33

2026-03-15T16:03:28+00:00
0, 0, 143771, 0, 28
1, 0, 143771, 0, 28
2, 0, 143771, 0, 32
3, 0, 143771, 0, 32
4, 0, 143771, 0, 31
5, 0, 143771, 0, 28
6, 0, 143771, 0, 30
7, 0, 143771, 0, 33

 0, 143771, 0, 28
6, 0, 143771, 0, 30
7, 0, 143771, 0, 33

2026-03-15T16:03:12+00:00
0, 0, 143771, 0, 28
1, 0, 143771, 0, 28
2, 0, 143771, 0, 32
3, 0, 143771, 0, 32
4, 0, 143771, 0, 31
5, 0, 143771, 0, 28
6, 0, 143771, 0, 30
7, 0, 143771, 0, 33

2026-03-15T16:03:17+00:00
0, 0, 143771, 0, 28
1, 0, 143771, 0, 28
2, 0, 143771, 0, 32
3, 0, 143771, 0, 32
4, 0, 143771, 0, 31
5, 0, 143771, 0, 28
6, 0, 143771, 0, 30
7, 0, 143771, 0, 33

2026-03-15T16:03:22+00:00
0, 0, 143771, 0, 28
1, 0, 143771, 0, 28
2, 0, 143771, 0, 32
3, 0, 143771, 0, 32
4, 0, 143771, 0, 31
5, 0, 143771, 0, 28
6, 0, 143771, 0, 30
7, 0, 143771, 0, 33

2026-03-15T16:03:28+00:00
0, 0, 143771, 0, 28
1, 0, 143771, 0, 28
2, 0, 143771, 0, 32
3, 0, 143771, 0, 32
4, 0, 143771, 0, 31
5, 0, 143771, 0, 28
6, 0, 143771, 0, 30
7, 0, 143771, 0, 33

2026-03-15T16:03:33+00:00
0, 0, 143771, 0, 28
1, 0, 143771, 0, 28
2, 0, 143771, 0, 32
3, 0, 143771, 0, 32
4, 0, 143771, 0, 31
5, 0, 143771, 0, 28
6, 0, 143771, 0, 30
7, 0, 143771, 0, 33

2026-03-15T16:03:38+00:00
0, 0, 143771, 0, 28
1, 0, 143771, 0, 28
2, 0, 143771, 0, 32
3, 0, 143771, 0, 32
4, 0, 143771, 0, 31
5, 0, 143771, 0, 28
6, 0, 143771, 0, 30
7, 0, 143771, 0, 33

2026-03-15T16:03:43+00:00
0, 0, 143771, 0, 28
1, 0, 143771, 0, 28
2, 0, 143771, 0, 32
3, 0, 143771, 0, 32
4, 0, 143771, 0, 31
5, 0, 143771, 0, 28
6, 0, 143771, 0, 30
7, 0, 143771, 0, 33

2026-03-15T16:03:48+00:00
0, 27, 143771, 0, 29
1, 27, 143771, 0, 29
2, 25, 143771, 0, 33
3, 27, 143771, 0, 33
4, 37, 143771, 1, 32
5, 31, 143771, 0, 30
6, 25, 143771, 0, 31
7, 27, 143771, 0, 34

2026-03-15T16:03:54+00:00
0, 107929, 143771, 0, 29
1, 537, 143771, 0, 29
2, 537, 143771, 0, 33
3, 537, 143771, 0, 33
4, 537, 143771, 0, 33
5, 537, 143771, 0, 30
6, 537, 143771, 0, 31
7, 537, 143771, 0, 34

2026-03-15T16:03:59+00:00
0, 107941, 143771, 0, 29
1, 107925, 143771, 0, 29
2, 107925, 143771, 1, 33
3, 107925, 143771, 0, 33
4, 107925, 143771, 0, 33
5, 107925, 143771, 1, 30
6, 107925, 143771, 0, 31
7, 107925, 143771, 1, 34

2026-03-15T16:04:04+00:00
0, 107941, 143771, 0, 29
1, 107925, 143771, 0, 29
2, 107925, 143771, 0, 33
3, 107925, 143771, 0, 33
4, 107925, 143771, 0, 33
5, 107925, 143771, 0, 30
6, 107925, 143771, 0, 31
7, 107925, 143771, 0, 35

2026-03-15T16:04:09+00:00
0, 107941, 143771, 0, 29
1, 107925, 143771, 0, 29
2, 107925, 143771, 0, 34
3, 107925, 143771, 0, 33
4, 107925, 143771, 0, 33
5, 107925, 143771, 0, 30
6, 107925, 143771, 0, 31
7, 107925, 143771, 0, 35

2026-03-15T16:04:15+00:00
0, 107941, 143771, 0, 29
1, 107925, 143771, 0, 30
2, 107925, 143771, 0, 34
3, 107925, 143771, 0, 34
4, 107925, 143771, 0, 33
5, 107925, 143771, 0, 30
6, 107925, 143771, 0, 32
7, 107925, 143771, 0, 35

2026-03-15T16:04:20+00:00
0, 107941, 143771, 0, 29
1, 107925, 143771, 0, 30
2, 107925, 143771, 0, 34
3, 107925, 143771, 0, 34
4, 107925, 143771, 0, 33
5, 107925, 143771, 0, 30
6, 107925, 143771, 0, 32
7, 107925, 143771, 0, 35

2026-03-15T16:04:25+00:00
0, 107941, 143771, 0, 29
1, 107925, 143771, 0, 30
2, 107925, 143771, 0, 34
3, 107925, 143771, 0, 34
4, 107925, 143771, 0, 33
5, 107925, 143771, 0, 30
6, 107925, 143771, 0, 32
7, 107925, 143771, 0, 35

2026-03-15T16:04:30+00:00
0, 107941, 143771, 0, 29
1, 107925, 143771, 0, 30
2, 107925, 143771, 0, 34
3, 107925, 143771, 0, 34
4, 107925, 143771, 0, 33
5, 107925, 143771, 0, 30
6, 107925, 143771, 0, 32
7, 107925, 143771, 0, 35

2026-03-15T16:04:35+00:00
0, 107941, 143771, 0, 29
1, 107925, 143771, 0, 30
2, 107925, 143771, 0, 34
3, 107925, 143771, 0, 34
4, 107925, 143771, 0, 33
5, 107925, 143771, 0, 30
6, 107925, 143771, 0, 32
7, 107925, 143771, 0, 35

2026-03-15T16:04:40+00:00
0, 107941, 143771, 0, 30
1, 107925, 143771, 0, 30
2, 107925, 143771, 0, 34
3, 107925, 143771, 0, 34
4, 107925, 143771, 0, 33
5, 107925, 143771, 0, 30
6, 107925, 143771, 0, 32
7, 107925, 143771, 0, 35

2026-03-15T16:04:45+00:00
0, 107941, 143771, 0, 30
1, 107925, 143771, 0, 30
2, 107925, 143771, 0, 34
3, 107925, 143771, 0, 34
4, 107925, 143771, 0, 33
5, 107925, 143771, 0, 31
6, 107925, 143771, 0, 32
7, 107925, 143771, 0, 36

2026-03-15T16:04:51+00:00
0, 107941, 143771, 0, 30
1, 107925, 143771, 0, 30
2, 107925, 143771, 0, 34
3, 107925, 143771, 0, 34
4, 107925, 143771, 0, 34
5, 107925, 143771, 0, 31
6, 107925, 143771, 0, 32
7, 107925, 143771, 0, 36

2026-03-15T16:04:56+00:00
0, 107941, 143771, 0, 30
1, 107925, 143771, 0, 30
2, 107925, 143771, 0, 34
3, 107925, 143771, 0, 34
4, 107925, 143771, 0, 34
5, 107925, 143771, 0, 31
6, 107925, 143771, 0, 32
7, 107925, 143771, 0, 36

2026-03-15T16:05:01+00:00
0, 107941, 143771, 0, 30
1, 107925, 143771, 0, 30
2, 107925, 143771, 0, 34
3, 107925, 143771, 0, 34
4, 107925, 143771, 0, 34
5, 107925, 143771, 0, 31
6, 107925, 143771, 0, 32
7, 107925, 143771, 0, 36

2026-03-15T16:05:06+00:00
0, 107941, 143771, 0, 30
1, 107925, 143771, 0, 30
2, 107925, 143771, 0, 35
3, 107925, 143771, 0, 34
4, 107925, 143771, 0, 34
5, 107925, 143771, 0, 31
6, 107925, 143771, 0, 32
7, 107925, 143771, 0, 36

2026-03-15T16:05:11+00:00
0, 107941, 143771, 0, 30
1, 107925, 143771, 0, 30
2, 107925, 143771, 0, 35
3, 107925, 143771, 0, 34
4, 107925, 143771, 0, 34
5, 107925, 143771, 0, 31
6, 107925, 143771, 0, 32
7, 107925, 143771, 0, 36

2026-03-15T16:05:16+00:00
0, 107941, 143771, 0, 30
1, 107925, 143771, 0, 30
2, 107925, 143771, 0, 35
3, 107925, 143771, 0, 34
4, 107925, 143771, 0, 34
5, 107925, 143771, 0, 31
6, 107925, 143771, 0, 32
7, 107925, 143771, 0, 36

2026-03-15T16:05:21+00:00
0, 107941, 143771, 0, 30
1, 107925, 143771, 0, 30
2, 107925, 143771, 0, 35
3, 107925, 143771, 0, 34
4, 107925, 143771, 0, 34
5, 107925, 143771, 0, 31
6, 107925, 143771, 0, 32
7, 107925, 143771, 0, 36

2026-03-15T16:05:27+00:00
0, 107941, 143771, 0, 30
1, 107925, 143771, 0, 30
2, 107925, 143771, 0, 35
3, 107925, 143771, 0, 34
4, 107925, 143771, 0, 34
5, 107925, 143771, 0, 31
6, 107925, 143771, 0, 33
7, 107925, 143771, 0, 36

2026-03-15T16:05:32+00:00
0, 107941, 143771, 0, 30
1, 107925, 143771, 0, 30
2, 107925, 143771, 0, 35
3, 107925, 143771, 0, 34
4, 107925, 143771, 0, 34
5, 107925, 143771, 0, 31
6, 107925, 143771, 0, 33
7, 107925, 143771, 0, 36

2026-03-15T16:05:37+00:00
0, 107941, 143771, 0, 30
1, 107925, 143771, 0, 30
2, 107925, 143771, 0, 35
3, 107925, 143771, 0, 35
4, 107925, 143771, 0, 34
5, 107925, 143771, 0, 31
6, 107925, 143771, 0, 33
7, 107925, 143771, 0, 36

2026-03-15T16:05:42+00:00
0, 107941, 143771, 0, 30
1, 107925, 143771, 0, 30
2, 107925, 143771, 0, 35
3, 107925, 143771, 0, 35
4, 107925, 143771, 0, 34
5, 107925, 143771, 0, 31
6, 107925, 143771, 0, 33
7, 107925, 143771, 0, 36

2026-03-15T16:05:47+00:00
0, 0, 143771, 0, 29
1, 0, 143771, 0, 29
2, 0, 143771, 0, 34
3, 0, 143771, 0, 33
4, 0, 143771, 0, 33
5, 0, 143771, 0, 30
6, 0, 143771, 0, 32
7, 0, 143771, 0, 35

2026-03-15T16:05:52+00:00
0, 0, 143771, 0, 28
1, 0, 143771, 0, 29
2, 0, 143771, 0, 33
3, 0, 143771, 0, 33
4, 0, 143771, 0, 32
5, 0, 143771, 0, 29
6, 0, 143771, 0, 31
7, 0, 143771, 0, 35

2026-03-15T16:05:58+00:00
0, 0, 143771, 0, 28
1, 0, 143771, 0, 29
2, 0, 143771, 0, 33
3, 0, 143771, 0, 33
4, 0, 143771, 0, 32
5, 0, 143771, 0, 29
6, 0, 143771, 0, 31
7, 0, 143771, 0, 34

2026-03-15T16:06:03+00:00
0, 0, 143771, 0, 28
1, 0, 143771, 0, 28
2, 0, 143771, 0, 33
3, 0, 143771, 0, 33
4, 0, 143771, 0, 32
5, 0, 143771, 0, 29
6, 0, 143771, 0, 31
7, 0, 143771, 0, 34

2026-03-15T16:06:08+00:00
0, 0, 143771, 0, 28
1, 0, 143771, 0, 28
2, 0, 143771, 0, 33
3, 0, 143771, 0, 33
4, 0, 143771, 0, 32
5, 0, 143771, 0, 29
6, 0, 143771, 0, 31
7, 0, 143771, 0, 34

2026-03-15T16:06:13+00:00
0, 0, 143771, 0, 28
1, 0, 143771, 0, 28
2, 0, 143771, 0, 33
3, 0, 143771, 0, 32
4, 0, 143771, 0, 32
5, 0, 143771, 0, 29
6, 0, 143771, 0, 31
7, 0, 143771, 0, 34

2026-03-15T16:06:18+00:00
0, 0, 143771, 0, 28
1, 0, 143771, 0, 28
2, 0, 143771, 0, 33
3, 0, 143771, 0, 32
4, 0, 143771, 0, 32
5, 0, 143771, 0, 29
6, 0, 143771, 0, 31
7, 0, 143771, 0, 34
