2026-03-15T16:03:42+00:00
0, 0, 143771, 0, 28
1, 0, 143771, 0, 28
2, 0, 143771, 0, 32
3, 0, 143771, 0, 32
4, 0, 143771, 0, 31
5, 0, 143771, 0, 28
6, 0, 143771, 0, 30
7, 0, 143771, 0, 33

2026-03-15T16:03:48+00:00
0, 23, 143771, 0, 29
1, 23, 143771, 0, 29
2, 23, 143771, 0, 33
3, 23, 143771, 0, 33
4, 23, 143771, 0, 32
5, 23, 143771, 0, 30
6, 23, 143771, 0, 31
7, 23, 143771, 0, 34

2026-03-15T16:03:53+00:00
0, 107929, 143771, 0, 29
1, 537, 143771, 0, 29
2, 537, 143771, 0, 33
3, 537, 143771, 0, 33
4, 537, 143771, 0, 33
5, 537, 143771, 0, 30
6, 537, 143771, 0, 31
7, 537, 143771, 0, 34

2026-03-15T16:03:59+00:00
0, 107941, 143771, 0, 29
1, 107925, 143771, 0, 29
2, 107925, 143771, 0, 33
3, 107925, 143771, 0, 33
4, 107925, 143771, 0, 33
5, 107925, 143771, 0, 30
6, 107925, 143771, 0, 31
7, 107925, 143771, 0, 34

2026-03-15T16:04:04+00:00
0, 107941, 143771, 0, 29
1, 107925, 143771, 0, 29
2, 107925, 143771, 0, 33
3, 107925, 143771, 0, 33
4, 107925, 143771, 0, 33
5, 107925, 143771, 0, 30
6, 107925, 143771, 0, 31
7, 107925, 143771, 0, 35

2026-03-15T16:04:09+00:00
0, 107941, 143771, 0, 29
1, 107925, 143771, 0, 29
2, 107925, 143771, 0, 34
3, 107925, 143771, 0, 33
4, 107925, 143771, 0, 33
5, 107925, 143771, 0, 30
6, 107925, 143771, 0, 31
7, 107925, 143771, 0, 35

2026-03-15T16:04:14+00:00
0, 107941, 143771, 0, 29
1, 107925, 143771, 0, 30
2, 107925, 143771, 0, 34
3, 107925, 143771, 0, 34
4, 107925, 143771, 0, 33
5, 107925, 143771, 0, 30
6, 107925, 143771, 0, 31
7, 107925, 143771, 0, 35

2026-03-15T16:04:19+00:00
0, 107941, 143771, 0, 29
1, 107925, 143771, 0, 30
2, 107925, 143771, 0, 34
3, 107925, 143771, 0, 34
4, 107925, 143771, 0, 33
5, 107925, 143771, 0, 30
6, 107925, 143771, 0, 32
7, 107925, 143771, 0, 35

2026-03-15T16:04:24+00:00
0, 107941, 143771, 0, 29
1, 107925, 143771, 0, 30
2, 107925, 143771, 0, 34
3, 107925, 143771, 0, 34
4, 107925, 143771, 0, 33
5, 107925, 143771, 0, 30
6, 107925, 143771, 0, 32
7, 107925, 143771, 0, 35

2026-03-15T16:04:29+00:00
0, 107941, 143771, 0, 29
1, 107925, 143771, 0, 30
2, 107925, 143771, 0, 34
3, 107925, 143771, 0, 34
4, 107925, 143771, 0, 33
5, 107925, 143771, 0, 30
6, 107925, 143771, 0, 32
7, 107925, 143771, 0, 35

2026-03-15T16:04:35+00:00
0, 107941, 143771, 0, 29
1, 107925, 143771, 0, 30
2, 107925, 143771, 0, 34
3, 107925, 143771, 0, 34
4, 107925, 143771, 0, 33
5, 107925, 143771, 0, 30
6, 107925, 143771, 0, 32
7, 107925, 143771, 0, 35

2026-03-15T16:04:40+00:00
0, 107941, 143771, 0, 30
1, 107925, 143771, 0, 30
2, 107925, 143771, 0, 34
3, 107925, 143771, 0, 34
4, 107925, 143771, 0, 33
5, 107925, 143771, 0, 30
6, 107925, 143771, 0, 32
7, 107925, 143771, 0, 35

2026-03-15T16:04:45+00:00
0, 107941, 143771, 0, 30
1, 107925, 143771, 0, 30
2, 107925, 143771, 0, 34
3, 107925, 143771, 0, 34
4, 107925, 143771, 0, 33
5, 107925, 143771, 0, 31
6, 107925, 143771, 0, 32
7, 107925, 143771, 0, 35

2026-03-15T16:04:50+00:00
0, 107941, 143771, 0, 30
1, 107925, 143771, 0, 30
2, 107925, 143771, 0, 34
3, 107925, 143771, 0, 34
4, 107925, 143771, 0, 34
5, 107925, 143771, 0, 31
6, 107925, 143771, 0, 32
7, 107925, 143771, 0, 36

2026-03-15T16:04:55+00:00
0, 107941, 143771, 0, 30
1, 107925, 143771, 0, 30
2, 107925, 143771, 0, 34
3, 107925, 143771, 0, 34
4, 107925, 143771, 0, 34
5, 107925, 143771, 0, 31
6, 107925, 143771, 0, 32
7, 107925, 143771, 0, 36

2026-03-15T16:05:00+00:00
0, 107941, 143771, 0, 30
1, 107925, 143771, 0, 30
2, 107925, 143771, 0, 34
3, 107925, 143771, 0, 34
4, 107925, 143771, 0, 34
5, 107925, 143771, 0, 31
6, 107925, 143771, 0, 32
7, 107925, 143771, 0, 36

2026-03-15T16:05:05+00:00
0, 107941, 143771, 0, 30
1, 107925, 143771, 0, 30
2, 107925, 143771, 0, 35
3, 107925, 143771, 0, 34
4, 107925, 143771, 0, 34
5, 107925, 143771, 0, 31
6, 107925, 143771, 0, 32
7, 107925, 143771, 0, 36

2026-03-15T16:05:11+00:00
0, 107941, 143771, 0, 30
1, 107925, 143771, 0, 30
2, 107925, 143771, 0, 35
3, 107925, 143771, 0, 34
4, 107925, 143771, 0, 34
5, 107925, 143771, 0, 31
6, 107925, 143771, 0, 32
7, 107925, 143771, 0, 36

2026-03-15T16:05:16+00:00
0, 107941, 143771, 0, 30
1, 107925, 143771, 0, 30
2, 107925, 143771, 0, 35
3, 107925, 143771, 0, 34
4, 107925, 143771, 0, 34
5, 107925, 143771, 0, 31
6, 107925, 143771, 0, 32
7, 107925, 143771, 0, 36

2026-03-15T16:05:21+00:00
0, 107941, 143771, 0, 30
1, 107925, 143771, 0, 30
2, 107925, 143771, 0, 35
3, 107925, 143771, 0, 34
4, 107925, 143771, 0, 34
5, 107925, 143771, 0, 31
6, 107925, 143771, 0, 32
7, 107925, 143771, 0, 36

2026-03-15T16:05:26+00:00
0, 107941, 143771, 0, 30
1, 107925, 143771, 0, 30
2, 107925, 143771, 0, 35
3, 107925, 143771, 0, 34
4, 107925, 143771, 0, 34
5, 107925, 143771, 0, 31
6, 107925, 143771, 0, 33
7, 107925, 143771, 0, 36

2026-03-15T16:05:31+00:00
0, 107941, 143771, 0, 30
1, 107925, 143771, 0, 30
2, 107925, 143771, 0, 35
3, 107925, 143771, 0, 34
4, 107925, 143771, 0, 34
5, 107925, 143771, 0, 31
6, 107925, 143771, 0, 33
7, 107925, 143771, 0, 36

2026-03-15T16:05:36+00:00
0, 107941, 143771, 0, 30
1, 107925, 143771, 0, 30
2, 107925, 143771, 0, 35
3, 107925, 143771, 0, 35
4, 107925, 143771, 0, 34
5, 107925, 143771, 0, 31
6, 107925, 143771, 0, 33
7, 107925, 143771, 0, 36

2026-03-15T16:05:42+00:00
0, 107941, 143771, 0, 30
1, 107925, 143771, 0, 30
2, 107925, 143771, 0, 35
3, 107925, 143771, 0, 35
4, 107925, 143771, 0, 34
5, 107925, 143771, 0, 31
6, 107925, 143771, 0, 33
7, 107925, 143771, 0, 36

2026-03-15T16:05:47+00:00
0, 0, 143771, 0, 29
1, 0, 143771, 0, 29
2, 0, 143771, 0, 34
3, 0, 143771, 0, 33
4, 0, 143771, 0, 33
5, 0, 143771, 0, 30
6, 0, 143771, 0, 32
7, 0, 143771, 0, 35

2026-03-15T16:05:52+00:00
0, 0, 143771, 0, 28
1, 0, 143771, 0, 29
2, 0, 143771, 0, 33
3, 0, 143771, 0, 33
4, 0, 143771, 0, 32
5, 0, 143771, 0, 29
6, 0, 143771, 0, 31
7, 0, 143771, 0, 35

2026-03-15T16:05:57+00:00
0, 0, 143771, 0, 28
1, 0, 143771, 0, 29
2, 0, 143771, 0, 33
3, 0, 143771, 0, 33
4, 0, 143771, 0, 32
5, 0, 143771, 0, 29
6, 0, 143771, 0, 31
7, 0, 143771, 0, 34

2026-03-15T16:06:02+00:00
0, 0, 143771, 0, 28
1, 0, 143771, 0, 28
2, 0, 143771, 0, 33
3, 0, 143771, 0, 33
4, 0, 143771, 0, 32
5, 0, 143771, 0, 29
6, 0, 143771, 0, 31
7, 0, 143771, 0, 34

2026-03-15T16:06:08+00:00
