Downloading cpython-3.12.13-linux-x86_64-gnu (download) (32.3MiB)
 Downloaded cpython-3.12.13-linux-x86_64-gnu (download)
Using CPython 3.12.13
Creating virtual environment at: .venv
Resolved 102 packages in 2ms
   Building reproducing-ttt-e2e @ file:///root/Reproducing-TTT-E2E
Downloading nvidia-cusolver-cu12 (322.5MiB)
Downloading nvidia-cufft-cu12 (191.6MiB)
Downloading jax-cuda12-pjrt (99.8MiB)
Downloading nvidia-nvjitlink-cu12 (37.9MiB)
Downloading scipy (33.6MiB)
Downloading jax-cuda12-plugin (15.9MiB)
Downloading nvidia-cuda-cupti-cu12 (10.3MiB)
Downloading matplotlib (8.3MiB)
Downloading pillow (6.7MiB)
Downloading sympy (6.0MiB)
Downloading ml-dtypes (4.8MiB)
Downloading fonttools (4.7MiB)
Downloading hf-xet (4.0MiB)
Downloading nvidia-cuda-runtime-cu12 (3.3MiB)
Downloading pydantic-core (2.0MiB)
Downloading kiwisolver (1.4MiB)
Downloading pygments (1.2MiB)
Downloading tensorstore (20.1MiB)
Downloading nvidia-cuda-nvcc-cu12 (38.7MiB)
Downloading numpy (15.3MiB)
Downloading jax (2.3MiB)
Downloading nvidia-cublas-cu12 (554.3MiB)
Downloading nvidia-cusparse-cu12 (349.5MiB)
Downloading array-record (4.8MiB)
Downloading nvidia-nccl-cu12 (276.3MiB)
Downloading jaxlib (100.3MiB)
Downloading numcodecs (8.5MiB)
Downloading wandb (22.1MiB)
Downloading nvidia-cudnn-cu12 (627.4MiB)
 Downloaded kiwisolver
 Downloaded pydantic-core
   Building antlr4-python3-runtime==4.9.3
 Downloaded pygments
 Downloaded nvidia-cuda-runtime-cu12
 Downloaded jax
 Downloaded hf-xet
 Downloaded fonttools
 Downloaded ml-dtypes
 Downloaded array-record
 Downloaded pillow
      Built antlr4-python3-runtime==4.9.3
      Built reproducing-ttt-e2e @ file:///root/Reproducing-TTT-E2E
 Downloaded nvidia-cuda-cupti-cu12
 Downloaded numcodecs
 Downloaded matplotlib
 Downloaded numpy
 Downloaded jax-cuda12-plugin
 Downloaded tensorstore
 Downloaded sympy
 Downloaded nvidia-nvjitlink-cu12
 Downloaded wandb
 Downloaded nvidia-cuda-nvcc-cu12
 Downloaded scipy
 Downloaded jax-cuda12-pjrt
 Downloaded jaxlib
 Downloaded nvidia-cufft-cu12
 Downloaded nvidia-nccl-cu12
 Downloaded nvidia-cusolver-cu12
 Downloaded nvidia-cusparse-cu12
 Downloaded nvidia-cublas-cu12
 Downloaded nvidia-cudnn-cu12
Prepared 101 packages in 34.86s
Installed 101 packages in 309ms
 + absl-py==2.4.0
 + aiofiles==25.1.0
 + annotated-doc==0.0.4
 + annotated-types==0.7.0
 + antlr4-python3-runtime==4.9.3
 + anyio==4.12.1
 + array-record==0.8.3
 + certifi==2026.2.25
 + charset-normalizer==3.4.4
 + chex==0.1.90
 + click==8.3.1
 + cloudpickle==3.1.2
 + contourpy==1.3.3
 + cycler==0.12.1
 + deprecated==1.3.1
 + donfig==0.8.1.post1
 + einops==0.8.2
 + einx==0.3.0
 + equinox==0.11.12
 + etils==1.13.0
 + filelock==3.25.1
 + fonttools==4.61.1
 + frozendict==2.4.7
 + fsspec==2026.2.0
 + gitdb==4.0.12
 + gitpython==3.1.46
 + google-crc32c==1.8.0
 + grain==0.2.16
 + h11==0.16.0
 + hf-xet==1.4.0
 + httpcore==1.0.9
 + httpx==0.28.1
 + huggingface-hub==1.6.0
 + humanize==4.15.0
 + hydra-core==1.3.2
 + idna==3.11
 + importlib-resources==6.5.2
 + jax==0.5.3
 + jax-cuda12-pjrt==0.5.3
 + jax-cuda12-plugin==0.5.3
 + jaxlib==0.5.3
 + jaxtyping==0.2.38
 + kiwisolver==1.4.9
 + markdown-it-py==4.0.0
 + matplotlib==3.10.8
 + mdurl==0.1.2
 + ml-dtypes==0.5.4
 + mpmath==1.3.0
 + msgpack==1.1.2
 + nest-asyncio==1.6.0
 + numcodecs==0.15.1
 + numpy==2.1.3
 + nvidia-cublas-cu12==12.9.1.4
 + nvidia-cuda-cupti-cu12==12.9.79
 + nvidia-cuda-nvcc-cu12==12.9.86
 + nvidia-cuda-runtime-cu12==12.9.79
 + nvidia-cudnn-cu12==9.19.0.56
 + nvidia-cufft-cu12==11.4.1.4
 + nvidia-cusolver-cu12==11.7.5.82
 + nvidia-cusparse-cu12==12.5.10.65
 + nvidia-nccl-cu12==2.29.3
 + nvidia-nvjitlink-cu12==12.9.86
 + omegaconf==2.3.0
 + opt-einsum==3.4.0
 + optax==0.2.7
 + orbax-checkpoint==0.11.24
 + packaging==26.0
 + pillow==12.1.1
 + platformdirs==4.9.2
 + protobuf==6.33.5
 + psutil==7.2.2
 + pydantic==2.12.5
 + pydantic-core==2.41.5
 + pygments==2.19.2
 + pyparsing==3.3.2
 + python-dateutil==2.9.0.post0
 + pyyaml==6.0.3
 + reproducing-ttt-e2e==0.1.0 (from file:///root/Reproducing-TTT-E2E)
 + requests==2.32.5
 + rich==14.3.3
 + scipy==1.17.1
 + sentry-sdk==2.53.0
 + setproctitle==1.3.7
 + setuptools==82.0.0
 + shellingham==1.5.4
 + simplejson==3.20.2
 + six==1.17.0
 + smmap==5.0.2
 + sympy==1.14.0
 + tensorstore==0.1.81
 + toolz==1.1.0
 + tqdm==4.67.3
 + typer==0.24.1
 + typing-extensions==4.15.0
 + typing-inspection==0.4.2
 + urllib3==2.6.3
 + wadler-lindig==0.1.7
 + wandb==0.20.1
 + wrapt==2.1.1
 + zarr==3.1.5
 + zipp==3.23.0
